1102 [main] INFO  com.example.demo.Pr16Application – Starting Pr16Application using Java 16.0.2 on New-PC with PID 11960 (C:\Users\user\Desktop\demo\build\classes\java\main started by user in C:\Users\user\Desktop\demo)
1102 [background-preinit] INFO  o.h.validator.internal.util.Version – HV000001: Hibernate Validator 6.2.2.Final
1106 [main] INFO  com.example.demo.Pr16Application – No active profile set, falling back to 1 default profile: "default"
2228 [main] INFO  o.s.d.r.c.RepositoryConfigurationDelegate – Bootstrapping Spring Data JPA repositories in DEFAULT mode.
2290 [main] INFO  o.s.d.r.c.RepositoryConfigurationDelegate – Finished Spring Data repository scanning in 52 ms. Found 2 JPA repository interfaces.
2893 [main] INFO  o.s.b.w.e.tomcat.TomcatWebServer – Tomcat initialized with port(s): 8080 (http)
2902 [main] INFO  o.a.coyote.http11.Http11NioProtocol – Initializing ProtocolHandler ["http-nio-8080"]
2902 [main] INFO  o.a.catalina.core.StandardService – Starting service [Tomcat]
2902 [main] INFO  o.a.catalina.core.StandardEngine – Starting Servlet engine: [Apache Tomcat/9.0.58]
3034 [main] INFO  o.a.c.c.C.[Tomcat].[localhost].[/] – Initializing Spring embedded WebApplicationContext
3034 [main] INFO  o.s.b.w.s.c.ServletWebServerApplicationContext – Root WebApplicationContext: initialization completed in 1851 ms
3264 [main] INFO  o.h.jpa.internal.util.LogHelper – HHH000204: Processing PersistenceUnitInfo [name: default]
3324 [main] INFO  org.hibernate.Version – HHH000412: Hibernate ORM core version 5.6.5.Final
3483 [main] INFO  o.h.annotations.common.Version – HCANN000001: Hibernate Commons Annotations {5.1.2.Final}
3605 [main] INFO  com.zaxxer.hikari.HikariDataSource – HikariPool-1 - Starting...
3828 [main] INFO  com.zaxxer.hikari.HikariDataSource – HikariPool-1 - Start completed.
3846 [main] INFO  org.hibernate.dialect.Dialect – HHH000400: Using dialect: org.hibernate.dialect.PostgreSQLDialect
4655 [main] INFO  o.h.e.t.j.p.i.JtaPlatformInitiator – HHH000490: Using JtaPlatform implementation: [org.hibernate.engine.transaction.jta.platform.internal.NoJtaPlatform]
4665 [main] INFO  o.s.o.j.LocalContainerEntityManagerFactoryBean – Initialized JPA EntityManagerFactory for persistence unit 'default'
5059 [main] WARN  o.s.b.a.o.j.JpaBaseConfiguration$JpaWebConfiguration – spring.jpa.open-in-view is enabled by default. Therefore, database queries may be performed during view rendering. Explicitly configure spring.jpa.open-in-view to disable this warning
5616 [main] INFO  o.s.b.a.e.web.EndpointLinksResolver – Exposing 1 endpoint(s) beneath base path '/actuator'
5645 [main] INFO  o.a.coyote.http11.Http11NioProtocol – Starting ProtocolHandler ["http-nio-8080"]
5669 [main] INFO  o.s.b.w.e.tomcat.TomcatWebServer – Tomcat started on port(s): 8080 (http) with context path ''
5687 [main] INFO  com.example.demo.Pr16Application – Started Pr16Application in 5.079 seconds (JVM running for 6.71)
6293 [RMI TCP Connection(5)-172.23.208.1] INFO  o.a.c.c.C.[Tomcat].[localhost].[/] – Initializing Spring DispatcherServlet 'dispatcherServlet'
6293 [RMI TCP Connection(5)-172.23.208.1] INFO  o.s.web.servlet.DispatcherServlet – Initializing Servlet 'dispatcherServlet'
6295 [RMI TCP Connection(5)-172.23.208.1] INFO  o.s.web.servlet.DispatcherServlet – Completed initialization in 2 ms
49745 [SpringApplicationShutdownHook] INFO  o.s.o.j.LocalContainerEntityManagerFactoryBean – Closing JPA EntityManagerFactory for persistence unit 'default'
49746 [SpringApplicationShutdownHook] INFO  com.zaxxer.hikari.HikariDataSource – HikariPool-1 - Shutdown initiated...
49754 [SpringApplicationShutdownHook] INFO  com.zaxxer.hikari.HikariDataSource – HikariPool-1 - Shutdown completed.
